app/build/outputs/logs/manifest-merger-debug-report.txt
-- Merging decision tree log ---
manifest
ADDED from src\main\AndroidManifest.xml:2:1-39:12
INJECTED from src\main\AndroidManifest.xml:2:1-39:12
INJECTED from src\main\AndroidManifest.xml:2:1-39:12
INJECTED from src\main\AndroidManifest.xml:2:1-39:12
MERGED from [com.android.support:design:26.0.2] AndroidManifest.xml:17:1-31:12
MERGED from [com.android.support:appcompat-v7:26.0.2] AndroidManifest.xml:17:1-31:12
MERGED from [com.google.android.support:wearable:2.1.0] AndroidManifest.xml:2:1-15:12
MERGED from [com.android.support.constraint:constraint-layout:1.1.3] AndroidManifest.xml:2:1-11:12
MERGED from [com.android.support:animated-vector-drawable:26.0.2] AndroidManifest.xml:17:1-28:12
MERGED from [com.android.support:support-vector-drawable:26.0.2] AndroidManifest.xml:17:1-28:12
MERGED from [com.android.support:recyclerview-v7:26.0.2] AndroidManifest.xml:17:1-28:12
MERGED from [com.android.support:transition:26.0.2] AndroidManifest.xml:17:1-28:12
MERGED from [com.android.support:support-v4:26.0.2] AndroidManifest.xml:17:1-31:12
MERGED from [com.android.support:percent:26.0.2] AndroidManifest.xml:17:1-28:12
MERGED from [com.android.support:support-media-compat:26.0.2] AndroidManifest.xml:17:1-31:12
MERGED from [com.android.support:support-fragment:26.0.2] AndroidManifest.xml:17:1-31:12
MERGED from [com.android.support:support-core-utils:26.0.2] AndroidManifest.xml:17:1-31:12
MERGED from [com.android.support:support-core-ui:26.0.2] AndroidManifest.xml:17:1-31:12
MERGED from [com.android.support:support-compat:26.0.2] AndroidManifest.xml:17:1-31:12
INJECTED from src\main\AndroidManifest.xml:2:1-39:12
INJECTED from src\main\AndroidManifest.xml:2:1-39:12
INJECTED from src\main\AndroidManifest.xml:2:1-39:12
	package
		ADDED from src\main\AndroidManifest.xml:3:5-51
		INJECTED from src\main\AndroidManifest.xml
		INJECTED from src\main\AndroidManifest.xml
	android:versionName
		ADDED from src\main\AndroidManifest.xml:5:5-30
		INJECTED from src\main\AndroidManifest.xml
		INJECTED from src\main\AndroidManifest.xml
	xmlns:android
		ADDED from src\main\AndroidManifest.xml:2:11-69
	android:versionCode
		ADDED from src\main\AndroidManifest.xml:4:5-28
		INJECTED from src\main\AndroidManifest.xml
		INJECTED from src\main\AndroidManifest.xml
uses-sdk
ADDED from src\main\AndroidManifest.xml:7:5-9:41
INJECTED from src\main\AndroidManifest.xml:7:5-9:41
INJECTED from src\main\AndroidManifest.xml:7:5-9:41
MERGED from [com.android.support:design:26.0.2] AndroidManifest.xml:21:5-23:62
MERGED from [com.android.support:design:26.0.2] AndroidManifest.xml:21:5-23:62
MERGED from [com.android.support:appcompat-v7:26.0.2] AndroidManifest.xml:21:5-23:78
MERGED from [com.android.support:appcompat-v7:26.0.2] AndroidManifest.xml:21:5-23:78
MERGED from [com.google.android.support:wearable:2.1.0] AndroidManifest.xml:5:5-7:41
MERGED from [com.google.android.support:wearable:2.1.0] AndroidManifest.xml:5:5-7:41
MERGED from [com.android.support.constraint:constraint-layout:1.1.3] AndroidManifest.xml:5:5-7:41
MERGED from [com.android.support.constraint:constraint-layout:1.1.3] AndroidManifest.xml:5:5-7:41
MERGED from [com.android.support:animated-vector-drawable:26.0.2] AndroidManifest.xml:20:5-44
MERGED from [com.android.support:animated-vector-drawable:26.0.2] AndroidManifest.xml:20:5-44
MERGED from [com.android.support:support-vector-drawable:26.0.2] AndroidManifest.xml:20:5-44
MERGED from [com.android.support:support-vector-drawable:26.0.2] AndroidManifest.xml:20:5-44
MERGED from [com.android.support:recyclerview-v7:26.0.2] AndroidManifest.xml:20:5-44
MERGED from [com.android.support:recyclerview-v7:26.0.2] AndroidManifest.xml:20:5-44
MERGED from [com.android.support:transition:26.0.2] AndroidManifest.xml:20:5-44
MERGED from [com.android.support:transition:26.0.2] AndroidManifest.xml:20:5-44
MERGED from [com.android.support:support-v4:26.0.2] AndroidManifest.xml:21:5-23:54
MERGED from [com.android.support:support-v4:26.0.2] AndroidManifest.xml:21:5-23:54
MERGED from [com.android.support:percent:26.0.2] AndroidManifest.xml:20:5-44
MERGED from [com.android.support:percent:26.0.2] AndroidManifest.xml:20:5-44
MERGED from [com.android.support:support-media-compat:26.0.2] AndroidManifest.xml:21:5-23:63
MERGED from [com.android.support:support-media-compat:26.0.2] AndroidManifest.xml:21:5-23:63
MERGED from [com.android.support:support-fragment:26.0.2] AndroidManifest.xml:21:5-23:60
MERGED from [com.android.support:support-fragment:26.0.2] AndroidManifest.xml:21:5-23:60
MERGED from [com.android.support:support-core-utils:26.0.2] AndroidManifest.xml:21:5-23:61
MERGED from [com.android.support:support-core-utils:26.0.2] AndroidManifest.xml:21:5-23:61
MERGED from [com.android.support:support-core-ui:26.0.2] AndroidManifest.xml:21:5-23:58
MERGED from [com.android.support:support-core-ui:26.0.2] AndroidManifest.xml:21:5-23:58
MERGED from [com.android.support:support-compat:26.0.2] AndroidManifest.xml:21:5-23:58
MERGED from [com.android.support:support-compat:26.0.2] AndroidManifest.xml:21:5-23:58
INJECTED from src\main\AndroidManifest.xml:7:5-9:41
INJECTED from src\main\AndroidManifest.xml:7:5-9:41
	tools:overrideLibrary
		ADDED from [com.android.support:design:26.0.2] AndroidManifest.xml:23:9-59
	android:targetSdkVersion
		ADDED from src\main\AndroidManifest.xml:9:9-38
		INJECTED from src\main\AndroidManifest.xml
		INJECTED from src\main\AndroidManifest.xml
	android:minSdkVersion
		ADDED from src\main\AndroidManifest.xml:8:9-35
		INJECTED from src\main\AndroidManifest.xml
		INJECTED from src\main\AndroidManifest.xml
uses-permission#android.permission.WRITE_EXTERNAL_STORAGE
ADDED from src\main\AndroidManifest.xml:11:5-81
	android:name
		ADDED from src\main\AndroidManifest.xml:11:22-78
uses-permission#android.permission.READ_PHONE_STATE
ADDED from src\main\AndroidManifest.xml:12:5-75
	android:name
		ADDED from src\main\AndroidManifest.xml:12:22-72
uses-permission#android.permission.READ_EXTERNAL_STORAGE
ADDED from src\main\AndroidManifest.xml:13:5-80
	android:name
		ADDED from src\main\AndroidManifest.xml:13:22-77
application
ADDED from src\main\AndroidManifest.xml:15:5-37:19
MERGED from [com.android.support:design:26.0.2] AndroidManifest.xml:25:5-29:19
MERGED from [com.android.support:design:26.0.2] AndroidManifest.xml:25:5-29:19
MERGED from [com.android.support:appcompat-v7:26.0.2] AndroidManifest.xml:25:5-29:19
MERGED from [com.android.support:appcompat-v7:26.0.2] AndroidManifest.xml:25:5-29:19
MERGED from [com.google.android.support:wearable:2.1.0] AndroidManifest.xml:9:5-13:19
MERGED from [com.google.android.support:wearable:2.1.0] AndroidManifest.xml:9:5-13:19
MERGED from [com.android.support.constraint:constraint-layout:1.1.3] AndroidManifest.xml:9:5-20
MERGED from [com.android.support.constraint:constraint-layout:1.1.3] AndroidManifest.xml:9:5-20
MERGED from [com.android.support:animated-vector-drawable:26.0.2] AndroidManifest.xml:22:5-26:19
MERGED from [com.android.support:animated-vector-drawable:26.0.2] AndroidManifest.xml:22:5-26:19
MERGED from [com.android.support:support-vector-drawable:26.0.2] AndroidManifest.xml:22:5-26:19
MERGED from [com.android.support:support-vector-drawable:26.0.2] AndroidManifest.xml:22:5-26:19
MERGED from [com.android.support:recyclerview-v7:26.0.2] AndroidManifest.xml:22:5-26:19
MERGED from [com.android.support:recyclerview-v7:26.0.2] AndroidManifest.xml:22:5-26:19
MERGED from [com.android.support:transition:26.0.2] AndroidManifest.xml:22:5-26:19
MERGED from [com.android.support:transition:26.0.2] AndroidManifest.xml:22:5-26:19
MERGED from [com.android.support:support-v4:26.0.2] AndroidManifest.xml:25:5-29:19
MERGED from [com.android.support:support-v4:26.0.2] AndroidManifest.xml:25:5-29:19
MERGED from [com.android.support:percent:26.0.2] AndroidManifest.xml:22:5-26:19
MERGED from [com.android.support:percent:26.0.2] AndroidManifest.xml:22:5-26:19
MERGED from [com.android.support:support-media-compat:26.0.2] AndroidManifest.xml:25:5-29:19
MERGED from [com.android.support:support-media-compat:26.0.2] AndroidManifest.xml:25:5-29:19
MERGED from [com.android.support:support-fragment:26.0.2] AndroidManifest.xml:25:5-29:19
MERGED from [com.android.support:support-fragment:26.0.2] AndroidManifest.xml:25:5-29:19
MERGED from [com.android.support:support-core-utils:26.0.2] AndroidManifest.xml:25:5-29:19
MERGED from [com.android.support:support-core-utils:26.0.2] AndroidManifest.xml:25:5-29:19
MERGED from [com.android.support:support-core-ui:26.0.2] AndroidManifest.xml:25:5-29:19
MERGED from [com.android.support:support-core-ui:26.0.2] AndroidManifest.xml:25:5-29:19
MERGED from [com.android.support:support-compat:26.0.2] AndroidManifest.xml:25:5-29:19
MERGED from [com.android.support:support-compat:26.0.2] AndroidManifest.xml:25:5-29:19
	android:label
		ADDED from src\main\AndroidManifest.xml:17:9-45
	android:icon
		ADDED from src\main\AndroidManifest.xml:16:9-38
activity#processing.test.capstone_prototype_1.MainActivity
ADDED from src\main\AndroidManifest.xml:18:9-26:20
	android:theme
		ADDED from src\main\AndroidManifest.xml:20:13-80
	android:name
		ADDED from src\main\AndroidManifest.xml:19:13-41
intent-filter#android.intent.action.MAIN+android.intent.category.LAUNCHER
ADDED from src\main\AndroidManifest.xml:21:13-25:29
action#android.intent.action.MAIN
ADDED from src\main\AndroidManifest.xml:22:17-69
	android:name
		ADDED from src\main\AndroidManifest.xml:22:25-66
category#android.intent.category.LAUNCHER
ADDED from src\main\AndroidManifest.xml:24:17-77
	android:name
		ADDED from src\main\AndroidManifest.xml:24:27-74
activity#processing.test.capstone_prototype_1.GameplayActivity
ADDED from src\main\AndroidManifest.xml:27:9-29:83
	android:theme
		ADDED from src\main\AndroidManifest.xml:29:13-80
	android:name
		ADDED from src\main\AndroidManifest.xml:28:13-45
activity#processing.test.capstone_prototype_1.SelectImageActivity
ADDED from src\main\AndroidManifest.xml:30:9-32:83
	android:theme
		ADDED from src\main\AndroidManifest.xml:32:13-80
	android:name
		ADDED from src\main\AndroidManifest.xml:31:13-48
activity#processing.test.capstone_prototype_1.GenerateLevelActivity
ADDED from src\main\AndroidManifest.xml:33:9-36:20
	android:theme
		ADDED from src\main\AndroidManifest.xml:34:13-80
	android:name
		ADDED from src\main\AndroidManifest.xml:33:19-56
meta-data#android.support.VERSION
ADDED from [com.android.support:design:26.0.2] AndroidManifest.xml:26:9-28:38
MERGED from [com.android.support:appcompat-v7:26.0.2] AndroidManifest.xml:26:9-28:38
MERGED from [com.android.support:appcompat-v7:26.0.2] AndroidManifest.xml:26:9-28:38
MERGED from [com.android.support:animated-vector-drawable:26.0.2] AndroidManifest.xml:23:9-25:38
MERGED from [com.android.support:animated-vector-drawable:26.0.2] AndroidManifest.xml:23:9-25:38
MERGED from [com.android.support:support-vector-drawable:26.0.2] AndroidManifest.xml:23:9-25:38
MERGED from [com.android.support:support-vector-drawable:26.0.2] AndroidManifest.xml:23:9-25:38
MERGED from [com.android.support:recyclerview-v7:26.0.2] AndroidManifest.xml:23:9-25:38
MERGED from [com.android.support:recyclerview-v7:26.0.2] AndroidManifest.xml:23:9-25:38
MERGED from [com.android.support:transition:26.0.2] AndroidManifest.xml:23:9-25:38
MERGED from [com.android.support:transition:26.0.2] AndroidManifest.xml:23:9-25:38
MERGED from [com.android.support:support-v4:26.0.2] AndroidManifest.xml:26:9-28:38
MERGED from [com.android.support:support-v4:26.0.2] AndroidManifest.xml:26:9-28:38
MERGED from [com.android.support:percent:26.0.2] AndroidManifest.xml:23:9-25:38
MERGED from [com.android.support:percent:26.0.2] AndroidManifest.xml:23:9-25:38
MERGED from [com.android.support:support-media-compat:26.0.2] AndroidManifest.xml:26:9-28:38
MERGED from [com.android.support:support-media-compat:26.0.2] AndroidManifest.xml:26:9-28:38
MERGED from [com.android.support:support-fragment:26.0.2] AndroidManifest.xml:26:9-28:38
MERGED from [com.android.support:support-fragment:26.0.2] AndroidManifest.xml:26:9-28:38
MERGED from [com.android.support:support-core-utils:26.0.2] AndroidManifest.xml:26:9-28:38
MERGED from [com.android.support:support-core-utils:26.0.2] AndroidManifest.xml:26:9-28:38
MERGED from [com.android.support:support-core-ui:26.0.2] AndroidManifest.xml:26:9-28:38
MERGED from [com.android.support:support-core-ui:26.0.2] AndroidManifest.xml:26:9-28:38
MERGED from [com.android.support:support-compat:26.0.2] AndroidManifest.xml:26:9-28:38
MERGED from [com.android.support:support-compat:26.0.2] AndroidManifest.xml:26:9-28:38
	android:value
		ADDED from [com.android.support:design:26.0.2] AndroidManifest.xml:28:13-35
	android:name
		ADDED from [com.android.support:design:26.0.2] AndroidManifest.xml:27:13-51
uses-library#com.google.android.wearable
ADDED from [com.google.android.support:wearable:2.1.0] AndroidManifest.xml:10:9-12:40
	android:required
		ADDED from [com.google.android.support:wearable:2.1.0] AndroidManifest.xml:12:13-37
	android:name
		ADDED from [com.google.android.support:wearable:2.1.0] AndroidManifest.xml:11:13-55